Reading netlist file: "C:\Users\str\Desktop\fpga\leds\impl\gwsynthesis\leds.vg"
Parsing netlist file "C:\Users\str\Desktop\fpga\leds\impl\gwsynthesis\leds.vg" completed
Processing netlist completed
Reading constraint file: "C:\Users\str\Desktop\fpga\leds\src\leds.cst"
Physical Constraint parsed completed
Running placement......
[10%] Placement Phase 0 completed
[20%] Placement Phase 1 completed
[30%] Placement Phase 2 completed
WARN  (TA1132) :  'clk' was determined to be a clock but was not created.
[50%] Placement Phase 3 completed
Running routing......
[60%] Routing Phase 0 completed
[70%] Routing Phase 1 completed
[80%] Routing Phase 2 completed
[90%] Routing Phase 3 completed
Running timing analysis......
[95%] Timing analysis completed
Placement and routing completed
Bitstream generation in progress......
Bitstream generation completed
Running power analysis......
[100%] Power analysis completed
Generate file "C:\Users\str\Desktop\fpga\leds\impl\pnr\leds.power.html" completed
Generate file "C:\Users\str\Desktop\fpga\leds\impl\pnr\leds.pin.html" completed
Generate file "C:\Users\str\Desktop\fpga\leds\impl\pnr\leds.rpt.html" completed
Generate file "C:\Users\str\Desktop\fpga\leds\impl\pnr\leds.rpt.txt" completed
Generate file "C:\Users\str\Desktop\fpga\leds\impl\pnr\leds.tr.html" completed
Thu Jul 10 16:01:26 2025

