#! 
:ivl_version "13.0 (devel)" "(s20250103-36-gea26587b5-dirty)";
:ivl_delay_selection "TYPICAL";
:vpi_time_precision - 9;
:vpi_module "C:\Users\str\DOWNLO~1\OSS-CA~1\lib\ivl\system.vpi";
:vpi_module "C:\Users\str\DOWNLO~1\OSS-CA~1\lib\ivl\vhdl_sys.vpi";
:vpi_module "C:\Users\str\DOWNLO~1\OSS-CA~1\lib\ivl\vhdl_textio.vpi";
:vpi_module "C:\Users\str\DOWNLO~1\OSS-CA~1\lib\ivl\v2005_math.vpi";
:vpi_module "C:\Users\str\DOWNLO~1\OSS-CA~1\lib\ivl\va_math.vpi";
S_000002668cc7b7b0 .scope module, "top" "top" 2 2;
 .timescale -8 -9;
v000002668cc7b5d0_0 .var "clk", 0 0;
v000002668cb64520_0 .var "d_ip", 0 0;
v000002668cb645c0_0 .var "en_ip", 0 0;
v000002668cb64340_0 .net "q_op", 0 0, L_000002668cc7c0c0;  1 drivers
v000002668cb639e0_0 .var "rst_n", 0 0;
E_000002668cc78760 .event posedge, v000002668cc7bf40_0;
S_000002668cc7b260 .scope module, "flop_u" "d_flop" 2 8, 3 1 0, S_000002668cc7b7b0;
 .timescale -8 -9;
    .port_info 0 /INPUT 1 "clk";
    .port_info 1 /INPUT 1 "rst_n";
    .port_info 2 /INPUT 1 "d_ip";
    .port_info 3 /INPUT 1 "en_ip";
    .port_info 4 /OUTPUT 1 "q_op";
L_000002668cc7c0c0 .functor BUFZ 1, v000002668cc7b3f0_0, C4<0>, C4<0>, C4<0>;
v000002668cc7bf40_0 .net "clk", 0 0, v000002668cc7b5d0_0;  1 drivers
v000002668cc7b940_0 .net "d_ip", 0 0, v000002668cb64520_0;  1 drivers
v000002668cb191a0_0 .net "en_ip", 0 0, v000002668cb645c0_0;  1 drivers
v000002668cc7b3f0_0 .var "q", 0 0;
v000002668cc7b490_0 .net "q_op", 0 0, L_000002668cc7c0c0;  alias, 1 drivers
v000002668cc7b530_0 .net "rst_n", 0 0, v000002668cb639e0_0;  1 drivers
E_000002668cc78420/0 .event negedge, v000002668cc7b530_0;
E_000002668cc78420/1 .event posedge, v000002668cc7bf40_0;
E_000002668cc78420 .event/or E_000002668cc78420/0, E_000002668cc78420/1;
    .scope S_000002668cc7b260;
T_0 ;
    %wait E_000002668cc78420;
    %load/vec4 v000002668cc7b530_0;
    %inv;
    %flag_set/vec4 8;
    %jmp/0xz  T_0.0, 8;
    %pushi/vec4 0, 0, 1;
    %assign/vec4 v000002668cc7b3f0_0, 0;
    %jmp T_0.1;
T_0.0 ;
    %load/vec4 v000002668cb191a0_0;
    %flag_set/vec4 8;
    %jmp/0xz  T_0.2, 8;
    %load/vec4 v000002668cc7b940_0;
    %assign/vec4 v000002668cc7b3f0_0, 0;
T_0.2 ;
T_0.1 ;
    %jmp T_0;
    .thread T_0;
    .scope S_000002668cc7b7b0;
T_1 ;
    %delay 20, 0;
    %load/vec4 v000002668cc7b5d0_0;
    %inv;
    %store/vec4 v000002668cc7b5d0_0, 0, 1;
    %jmp T_1;
    .thread T_1;
    .scope S_000002668cc7b7b0;
T_2 ;
    %pushi/vec4 1, 0, 1;
    %store/vec4 v000002668cb639e0_0, 0, 1;
    %pushi/vec4 0, 0, 1;
    %store/vec4 v000002668cb64520_0, 0, 1;
    %pushi/vec4 0, 0, 1;
    %store/vec4 v000002668cb645c0_0, 0, 1;
    %pushi/vec4 0, 0, 1;
    %store/vec4 v000002668cc7b5d0_0, 0, 1;
    %wait E_000002668cc78760;
    %pushi/vec4 0, 0, 1;
    %store/vec4 v000002668cb639e0_0, 0, 1;
    %wait E_000002668cc78760;
    %wait E_000002668cc78760;
    %pushi/vec4 1, 0, 1;
    %store/vec4 v000002668cb639e0_0, 0, 1;
    %pushi/vec4 1, 0, 1;
    %store/vec4 v000002668cb64520_0, 0, 1;
    %wait E_000002668cc78760;
    %pushi/vec4 1, 0, 1;
    %store/vec4 v000002668cb645c0_0, 0, 1;
    %wait E_000002668cc78760;
    %pushi/vec4 0, 0, 1;
    %store/vec4 v000002668cb645c0_0, 0, 1;
    %pushi/vec4 0, 0, 1;
    %store/vec4 v000002668cb64520_0, 0, 1;
    %delay 500, 0;
    %vpi_call 2 38 "$display", "End of simulation!" {0 0 0};
    %vpi_call 2 39 "$finish" {0 0 0};
    %end;
    .thread T_2;
    .scope S_000002668cc7b7b0;
T_3 ;
    %vpi_call 2 44 "$dumpfile", "example_tb.vcd" {0 0 0};
    %vpi_call 2 45 "$dumpvars", 32'sb00000000000000000000000000000000, S_000002668cc7b7b0 {0 0 0};
    %end;
    .thread T_3;
# The file index is used to find the file name in the following table.
:file_names 4;
    "N/A";
    "<interactive>";
    "example_tb.v";
    "example.v";
